#1 0 80000000 7004b517 r 0a         f004b000  auipc    a0, 0x7004b
#2 0 80000004 77850513 r 0a         f004b778  addi     a0, a0, 1912
#3 0 80000008 31000293 r 05         00000310  addi     t0, zero, 784
#4 0 8000000c     1101 r 02         ffffffe0  c.addi   sp, -0x20
#5 0 8000000e     ce06 m fffffffc   00000000  c.swsp   ra, 0x1c
#6 0 80000010     cc22 m fffffff8   00000000  c.swsp   s0, 0x18
#7 0 80000012     ca26 m fffffff4   00000000  c.swsp   s1, 0x14
#8 0 80000014     c84a m fffffff0   00000000  c.swsp   s2, 0x10
#9 0 80000016     c64e m ffffffec   00000000  c.swsp   s3, 0xc
#10 0 80000018     c452 m ffffffe8   00000000  c.swsp   s4, 0x8
#11 0 8000001a     c256 m ffffffe4   00000000  c.swsp   s5, 0x4
#12 0 8000001c     c05a m ffffffe0   00000000  c.swsp   s6, 0x0
#13 0 8000001e     2abd r 01         80000020  c.jal    . + 0x17e
#14 0 8000019c 7004b517 r 0a         f004b19c  auipc    a0, 0x7004b
#15 0 800001a0 29450513 r 0a         f004b430  addi     a0, a0, 660
#16 0 800001a4 7004b597 r 0b         f004b1a4  auipc    a1, 0x7004b
#17 0 800001a8 5d458593 r 0b         f004b778  addi     a1, a1, 1492
#18 0 800001ac 7004c617 r 0c         f004c1ac  auipc    a2, 0x7004c
#19 0 800001b0 72260613 r 0c         f004c8ce  addi     a2, a2, 1826
#20 0 800001b4 7004b717 r 0e         f004b1b4  auipc    a4, 0x7004b
#21 0 800001b8 59c70713 r 0e         f004b750  addi     a4, a4, 1436
#22 0 800001bc     4481 r 09         00000000  c.li     s1, 0x0
#23 0 800001be     4921 r 12         00000008  c.li     s2, 0x8
#24 0 800001c0     4681 r 0d         00000000  c.li     a3, 0x0
#25 0 800001c2     a009 r 00         00000000  c.j      . + 0x2
#26 0 800001c4 0d24da63 r 00         00000000  bge      s1, s2, . + 0xd4
#27 0 800001c8 06400993 r 13         00000064  addi     s3, zero, 100
#28 0 800001cc 03348a33 r 14         00000000  mul      s4, s1, s3
#29 0 800001d0 01450333 r 06         f004b430  add      t1, a0, s4
#30 0 800001d4     4381 r 07         00000000  c.li     t2, 0x0
#31 0 800001d6 01470f33 r 1e         f004b750  add      t5, a4, s4
#32 0 800001da 000f2907 f 12         3d3ccaf7  flw      fs2, 0x0(t5)
#33 0 800001de     4c81 r 19         00000000  c.li     s9, 0x0
#34 0 800001e0     4d61 r 1a         00000018  c.li     s10, 0x18
#35 0 800001e2     0485 r 09         00000001  c.addi   s1, 0x1
#36 0 800001e4     a009 r 00         00000000  c.j      . + 0x2
#37 0 800001e6 fdacdfe3 r 00         00000000  bge      s9, s10, . - 0x22
#38 0 800001ea 07000e13 r 1c         00000070  addi     t3, zero, 112
#39 0 800001ee 039e0eb3 r 1d         00000000  mul      t4, t3, s9
#40 0 800001f2 01d583b3 r 07         f004b778  add      t2, a1, t4
#41 0 800001f6     4b81 r 17         00000000  c.li     s7, 0x0
#42 0 800001f8     4c61 r 18         00000018  c.li     s8, 0x18
#43 0 800001fa     0c85 r 19         00000001  c.addi   s9, 0x1
#44 0 800001fc     a009 r 00         00000000  c.j      . + 0x2
#45 0 800001fe ff8bd4e3 r 00         00000000  bge      s7, s8, . - 0x18
#46 0 80000202     889e r 11         f004b778  c.mv     a7, t2
#47 0 80000204     4e11 r 1c         00000004  c.li     t3, 0x4
#48 0 80000206 037e0eb3 r 1d         00000000  mul      t4, t3, s7
#49 0 8000020a     98f6 r 11         f004b778  c.add    a7, t4
#50 0 8000020c     0691 r 0d         00000004  c.addi   a3, 0x4
#51 0 8000020e     4281 r 05         00000000  c.li     t0, 0x0
#52 0 80000210 d002f8d3 f 11         00000000  fcvt.s.w fa7, t0, dyn
#53 0 80000214 0128f8d3 f 11         3d3ccaf7  fadd.s   fa7, fa7, fs2, dyn
#54 0 80000218     4a81 r 15         00000000  c.li     s5, 0x0
#55 0 8000021a     4b15 r 16         00000005  c.li     s6, 0x5
#56 0 8000021c     0b85 r 17         00000001  c.addi   s7, 0x1
#57 0 8000021e     a009 r 00         00000000  c.j      . + 0x2
#58 0 80000220 076ad763 r 00         00000000  bge      s5, s6, . + 0x6e
#59 0 80000224     8dc6 r 1b         f004b778  c.mv     s11, a7
#60 0 80000226 07000993 r 13         00000070  addi     s3, zero, 112
#61 0 8000022a 033a8eb3 r 1d         00000000  mul      t4, s5, s3
#62 0 8000022e     9df6 r 1b         f004b778  c.add    s11, t4
#63 0 80000230     49d1 r 13         00000014  c.li     s3, 0x14
#64 0 80000232 033a8eb3 r 1d         00000000  mul      t4, s5, s3
#65 0 80000236 01d50333 r 06         f004b430  add      t1, a0, t4
#66 0 8000023a 00032087 f 01         3e99c609  flw      ft1, 0x0(t1)
#67 0 8000023e 00432107 f 02         3e68dda5  flw      ft2, 0x4(t1)
#68 0 80000242 00832187 f 03         be71af7d  flw      ft3, 0x8(t1)
#69 0 80000246 00c32207 f 04         bee4a750  flw      ft4, 0xc(t1)
#70 0 8000024a 01032287 f 05         becb191e  flw      ft5, 0x10(t1)
#71 0 8000024e 000da307 f 06         00000000  flw      ft6, 0x0(s11)
#72 0 80000252 004da387 f 07         00000000  flw      ft7, 0x4(s11)
#73 0 80000256 008da407 f 08         00000000  flw      fs0, 0x8(s11)
#74 0 8000025a 00cda487 f 09         00000000  flw      fs1, 0xc(s11)
#75 0 8000025e 010da507 f 0a         00000000  flw      fa0, 0x10(s11)
#76 0 80000262 1060f5d3 f 0b         00000000  fmul.s   fa1, ft1, ft6, dyn
#77 0 80000266 10717653 f 0c         00000000  fmul.s   fa2, ft2, ft7, dyn
#78 0 8000026a 1081f6d3 f 0d         80000000  fmul.s   fa3, ft3, fs0, dyn
#79 0 8000026e 10927753 f 0e         80000000  fmul.s   fa4, ft4, fs1, dyn
#80 0 80000272 10a2f7d3 f 0f         80000000  fmul.s   fa5, ft5, fa0, dyn
#81 0 80000276 00c5f853 f 10         00000000  fadd.s   fa6, fa1, fa2, dyn
#82 0 8000027a 00d87853 f 10         00000000  fadd.s   fa6, fa6, fa3, dyn
#83 0 8000027e 00e87853 f 10         00000000  fadd.s   fa6, fa6, fa4, dyn
#84 0 80000282 00f87853 f 10         00000000  fadd.s   fa6, fa6, fa5, dyn
#85 0 80000286 0108f8d3 f 11         3d3ccaf7  fadd.s   fa7, fa7, fa6, dyn
#86 0 8000028a     0a85 r 15         00000001  c.addi   s5, 0x1
#87 0 8000028c     bf51 r 00         00000000  c.j      . - 0x6c
#88 0 80000220 076ad763 r 00         00000000  bge      s5, s6, . + 0x6e
#89 0 80000224     8dc6 r 1b         f004b778  c.mv     s11, a7
#90 0 80000226 07000993 r 13         00000070  addi     s3, zero, 112
#91 0 8000022a 033a8eb3 r 1d         00000070  mul      t4, s5, s3
#92 0 8000022e     9df6 r 1b         f004b7e8  c.add    s11, t4
#93 0 80000230     49d1 r 13         00000014  c.li     s3, 0x14
#94 0 80000232 033a8eb3 r 1d         00000014  mul      t4, s5, s3
#95 0 80000236 01d50333 r 06         f004b444  add      t1, a0, t4
#96 0 8000023a 00032087 f 01         3ecd92fb  flw      ft1, 0x0(t1)
#97 0 8000023e 00432107 f 02         3e330942  flw      ft2, 0x4(t1)
#98 0 80000242 00832187 f 03         bd8c1227  flw      ft3, 0x8(t1)
#99 0 80000246 00c32207 f 04         bf098dce  flw      ft4, 0xc(t1)
#100 0 8000024a 01032287 f 05         be889785  flw      ft5, 0x10(t1)
#101 0 8000024e 000da307 f 06         00000000  flw      ft6, 0x0(s11)
#102 0 80000252 004da387 f 07         00000000  flw      ft7, 0x4(s11)
#103 0 80000256 008da407 f 08         00000000  flw      fs0, 0x8(s11)
#104 0 8000025a 00cda487 f 09         00000000  flw      fs1, 0xc(s11)
#105 0 8000025e 010da507 f 0a         00000000  flw      fa0, 0x10(s11)
#106 0 80000262 1060f5d3 f 0b         00000000  fmul.s   fa1, ft1, ft6, dyn
#107 0 80000266 10717653 f 0c         00000000  fmul.s   fa2, ft2, ft7, dyn
#108 0 8000026a 1081f6d3 f 0d         80000000  fmul.s   fa3, ft3, fs0, dyn
#109 0 8000026e 10927753 f 0e         80000000  fmul.s   fa4, ft4, fs1, dyn
#110 0 80000272 10a2f7d3 f 0f         80000000  fmul.s   fa5, ft5, fa0, dyn
#111 0 80000276 00c5f853 f 10         00000000  fadd.s   fa6, fa1, fa2, dyn
#112 0 8000027a 00d87853 f 10         00000000  fadd.s   fa6, fa6, fa3, dyn
#113 0 8000027e 00e87853 f 10         00000000  fadd.s   fa6, fa6, fa4, dyn
#114 0 80000282 00f87853 f 10         00000000  fadd.s   fa6, fa6, fa5, dyn
#115 0 80000286 0108f8d3 f 11         3d3ccaf7  fadd.s   fa7, fa7, fa6, dyn
#116 0 8000028a     0a85 r 15         00000002  c.addi   s5, 0x1
#117 0 8000028c     bf51 r 00         00000000  c.j      . - 0x6c
#118 0 80000220 076ad763 r 00         00000000  bge      s5, s6, . + 0x6e
#119 0 80000224     8dc6 r 1b         f004b778  c.mv     s11, a7
#120 0 80000226 07000993 r 13         00000070  addi     s3, zero, 112
#121 0 8000022a 033a8eb3 r 1d         000000e0  mul      t4, s5, s3
#122 0 8000022e     9df6 r 1b         f004b858  c.add    s11, t4
#123 0 80000230     49d1 r 13         00000014  c.li     s3, 0x14
#124 0 80000232 033a8eb3 r 1d         00000028  mul      t4, s5, s3
#125 0 80000236 01d50333 r 06         f004b458  add      t1, a0, t4
#126 0 8000023a 00032087 f 01         3eb07c42  flw      ft1, 0x0(t1)
#127 0 8000023e 00432107 f 02         3e9dc811  flw      ft2, 0x4(t1)
#128 0 80000242 00832187 f 03         3d2c27a6  flw      ft3, 0x8(t1)
#129 0 80000246 00c32207 f 04         bf1a6395  flw      ft4, 0xc(t1)
#130 0 8000024a 01032287 f 05         bec0a527  flw      ft5, 0x10(t1)
#131 0 8000024e 000da307 f 06         00000000  flw      ft6, 0x0(s11)
#132 0 80000252 004da387 f 07         00000000  flw      ft7, 0x4(s11)
#133 0 80000256 008da407 f 08         00000000  flw      fs0, 0x8(s11)
#134 0 8000025a 00cda487 f 09         00000000  flw      fs1, 0xc(s11)
#135 0 8000025e 010da507 f 0a         00000000  flw      fa0, 0x10(s11)
#136 0 80000262 1060f5d3 f 0b         00000000  fmul.s   fa1, ft1, ft6, dyn
#137 0 80000266 10717653 f 0c         00000000  fmul.s   fa2, ft2, ft7, dyn
#138 0 8000026a 1081f6d3 f 0d         00000000  fmul.s   fa3, ft3, fs0, dyn
#139 0 8000026e 10927753 f 0e         80000000  fmul.s   fa4, ft4, fs1, dyn
#140 0 80000272 10a2f7d3 f 0f         80000000  fmul.s   fa5, ft5, fa0, dyn
#141 0 80000276 00c5f853 f 10         00000000  fadd.s   fa6, fa1, fa2, dyn
#142 0 8000027a 00d87853 f 10         00000000  fadd.s   fa6, fa6, fa3, dyn
#143 0 8000027e 00e87853 f 10         00000000  fadd.s   fa6, fa6, fa4, dyn
#144 0 80000282 00f87853 f 10         00000000  fadd.s   fa6, fa6, fa5, dyn
#145 0 80000286 0108f8d3 f 11         3d3ccaf7  fadd.s   fa7, fa7, fa6, dyn
#146 0 8000028a     0a85 r 15         00000003  c.addi   s5, 0x1
#147 0 8000028c     bf51 r 00         00000000  c.j      . - 0x6c
#148 0 80000220 076ad763 r 00         00000000  bge      s5, s6, . + 0x6e
#149 0 80000224     8dc6 r 1b         f004b778  c.mv     s11, a7
#150 0 80000226 07000993 r 13         00000070  addi     s3, zero, 112
#151 0 8000022a 033a8eb3 r 1d         00000150  mul      t4, s5, s3
#152 0 8000022e     9df6 r 1b         f004b8c8  c.add    s11, t4
#153 0 80000230     49d1 r 13         00000014  c.li     s3, 0x14
#154 0 80000232 033a8eb3 r 1d         0000003c  mul      t4, s5, s3
#155 0 80000236 01d50333 r 06         f004b46c  add      t1, a0, t4
#156 0 8000023a 00032087 f 01         3ecd0247  flw      ft1, 0x0(t1)
#157 0 8000023e 00432107 f 02         3ef56734  flw      ft2, 0x4(t1)
#158 0 80000242 00832187 f 03         3e177e5f  flw      ft3, 0x8(t1)
#159 0 80000246 00c32207 f 04         bec1652c  flw      ft4, 0xc(t1)
#160 0 8000024a 01032287 f 05         beb93e1d  flw      ft5, 0x10(t1)
#161 0 8000024e 000da307 f 06         00000000  flw      ft6, 0x0(s11)
#162 0 80000252 004da387 f 07         00000000  flw      ft7, 0x4(s11)
#163 0 80000256 008da407 f 08         00000000  flw      fs0, 0x8(s11)
#164 0 8000025a 00cda487 f 09         00000000  flw      fs1, 0xc(s11)
#165 0 8000025e 010da507 f 0a         00000000  flw      fa0, 0x10(s11)
#166 0 80000262 1060f5d3 f 0b         00000000  fmul.s   fa1, ft1, ft6, dyn
#167 0 80000266 10717653 f 0c         00000000  fmul.s   fa2, ft2, ft7, dyn
#168 0 8000026a 1081f6d3 f 0d         00000000  fmul.s   fa3, ft3, fs0, dyn
#169 0 8000026e 10927753 f 0e         80000000  fmul.s   fa4, ft4, fs1, dyn
#170 0 80000272 10a2f7d3 f 0f         80000000  fmul.s   fa5, ft5, fa0, dyn
#171 0 80000276 00c5f853 f 10         00000000  fadd.s   fa6, fa1, fa2, dyn
#172 0 8000027a 00d87853 f 10         00000000  fadd.s   fa6, fa6, fa3, dyn
#173 0 8000027e 00e87853 f 10         00000000  fadd.s   fa6, fa6, fa4, dyn
#174 0 80000282 00f87853 f 10         00000000  fadd.s   fa6, fa6, fa5, dyn
#175 0 80000286 0108f8d3 f 11         3d3ccaf7  fadd.s   fa7, fa7, fa6, dyn
#176 0 8000028a     0a85 r 15         00000004  c.addi   s5, 0x1
#177 0 8000028c     bf51 r 00         00000000  c.j      . - 0x6c
#178 0 80000220 076ad763 r 00         00000000  bge      s5, s6, . + 0x6e
#179 0 80000224     8dc6 r 1b         f004b778  c.mv     s11, a7
#180 0 80000226 07000993 r 13         00000070  addi     s3, zero, 112
#181 0 8000022a 033a8eb3 r 1d         000001c0  mul      t4, s5, s3
#182 0 8000022e     9df6 r 1b         f004b938  c.add    s11, t4
#183 0 80000230     49d1 r 13         00000014  c.li     s3, 0x14
#184 0 80000232 033a8eb3 r 1d         00000050  mul      t4, s5, s3
#185 0 80000236 01d50333 r 06         f004b480  add      t1, a0, t4
#186 0 8000023a 00032087 f 01         3e06da88  flw      ft1, 0x0(t1)
#187 0 8000023e 00432107 f 02         3edbc1ad  flw      ft2, 0x4(t1)
#188 0 80000242 00832187 f 03         3ea0cdc8  flw      ft3, 0x8(t1)
#189 0 80000246 00c32207 f 04         3d5d0fa6  flw      ft4, 0xc(t1)
#190 0 8000024a 01032287 f 05         be29e83e  flw      ft5, 0x10(t1)
#191 0 8000024e 000da307 f 06         00000000  flw      ft6, 0x0(s11)
#192 0 80000252 004da387 f 07         00000000  flw      ft7, 0x4(s11)
#193 0 80000256 008da407 f 08         00000000  flw      fs0, 0x8(s11)
#194 0 8000025a 00cda487 f 09         00000000  flw      fs1, 0xc(s11)
#195 0 8000025e 010da507 f 0a         00000000  flw      fa0, 0x10(s11)
#196 0 80000262 1060f5d3 f 0b         00000000  fmul.s   fa1, ft1, ft6, dyn
#197 0 80000266 10717653 f 0c         00000000  fmul.s   fa2, ft2, ft7, dyn
#198 0 8000026a 1081f6d3 f 0d         00000000  fmul.s   fa3, ft3, fs0, dyn
#199 0 8000026e 10927753 f 0e         00000000  fmul.s   fa4, ft4, fs1, dyn
#200 0 80000272 10a2f7d3 f 0f         80000000  fmul.s   fa5, ft5, fa0, dyn
#201 0 80000276 00c5f853 f 10         00000000  fadd.s   fa6, fa1, fa2, dyn
#202 0 8000027a 00d87853 f 10         00000000  fadd.s   fa6, fa6, fa3, dyn
#203 0 8000027e 00e87853 f 10         00000000  fadd.s   fa6, fa6, fa4, dyn
#204 0 80000282 00f87853 f 10         00000000  fadd.s   fa6, fa6, fa5, dyn
#205 0 80000286 0108f8d3 f 11         3d3ccaf7  fadd.s   fa7, fa7, fa6, dyn
#206 0 8000028a     0a85 r 15         00000005  c.addi   s5, 0x1
#207 0 8000028c     bf51 r 00         00000000  c.j      . - 0x6c
#208 0 80000220 076ad763 r 00         00000000  bge      s5, s6, . + 0x6e
#209 0 8000028e 00d60d33 r 1a         f004c8d2  add      s10, a2, a3
#210 0 80000292 011d2027 c 0300       80006600  fsw      fa7, 0x0(s10)  +
#210 0 80000292 011d2027 c 0341       80000292  fsw      fa7, 0x0(s10)  +
#210 0 80000292 011d2027 c 0342       00000006  fsw      fa7, 0x0(s10)  +
#210 0 80000292 011d2027 c 0343       f004c8d2  fsw      fa7, 0x0(s10)
#211 0 00000000     0000 c 0300       80006600  illegal  +
#211 0 00000000     0000 c 0341       00000000  illegal  +
#211 0 00000000     0000 c 0342       00000002  illegal  +
#211 0 00000000     0000 c 0343       00000000  illegal
#212 0 00000000     0000 c 0300       80006600  illegal  +
#212 0 00000000     0000 c 0341       00000000  illegal  +
#212 0 00000000     0000 c 0342       00000002  illegal  +
#212 0 00000000     0000 c 0343       00000000  illegal
#213 0 00000000     0000 c 0300       80006600  illegal  +
#213 0 00000000     0000 c 0341       00000000  illegal  +
#213 0 00000000     0000 c 0342       00000002  illegal  +
#213 0 00000000     0000 c 0343       00000000  illegal
#214 0 00000000     0000 c 0300       80006600  illegal  +
#214 0 00000000     0000 c 0341       00000000  illegal  +
#214 0 00000000     0000 c 0342       00000002  illegal  +
#214 0 00000000     0000 c 0343       00000000  illegal
#215 0 00000000     0000 c 0300       80006600  illegal  +
#215 0 00000000     0000 c 0341       00000000  illegal  +
#215 0 00000000     0000 c 0342       00000002  illegal  +
#215 0 00000000     0000 c 0343       00000000  illegal
#216 0 00000000     0000 c 0300       80006600  illegal  +
#216 0 00000000     0000 c 0341       00000000  illegal  +
#216 0 00000000     0000 c 0342       00000002  illegal  +
#216 0 00000000     0000 c 0343       00000000  illegal
#217 0 00000000     0000 c 0300       80006600  illegal  +
#217 0 00000000     0000 c 0341       00000000  illegal  +
#217 0 00000000     0000 c 0342       00000002  illegal  +
#217 0 00000000     0000 c 0343       00000000  illegal
#218 0 00000000     0000 c 0300       80006600  illegal  +
#218 0 00000000     0000 c 0341       00000000  illegal  +
#218 0 00000000     0000 c 0342       00000002  illegal  +
#218 0 00000000     0000 c 0343       00000000  illegal
#219 0 00000000     0000 c 0300       80006600  illegal  +
#219 0 00000000     0000 c 0341       00000000  illegal  +
#219 0 00000000     0000 c 0342       00000002  illegal  +
#219 0 00000000     0000 c 0343       00000000  illegal
#220 0 00000000     0000 c 0300       80006600  illegal  +
#220 0 00000000     0000 c 0341       00000000  illegal  +
#220 0 00000000     0000 c 0342       00000002  illegal  +
#220 0 00000000     0000 c 0343       00000000  illegal
#221 0 00000000     0000 c 0300       80006600  illegal  +
#221 0 00000000     0000 c 0341       00000000  illegal  +
#221 0 00000000     0000 c 0342       00000002  illegal  +
#221 0 00000000     0000 c 0343       00000000  illegal
#222 0 00000000     0000 c 0300       80006600  illegal  +
#222 0 00000000     0000 c 0341       00000000  illegal  +
#222 0 00000000     0000 c 0342       00000002  illegal  +
#222 0 00000000     0000 c 0343       00000000  illegal
#223 0 00000000     0000 c 0300       80006600  illegal  +
#223 0 00000000     0000 c 0341       00000000  illegal  +
#223 0 00000000     0000 c 0342       00000002  illegal  +
#223 0 00000000     0000 c 0343       00000000  illegal
#224 0 00000000     0000 c 0300       80006600  illegal  +
#224 0 00000000     0000 c 0341       00000000  illegal  +
#224 0 00000000     0000 c 0342       00000002  illegal  +
#224 0 00000000     0000 c 0343       00000000  illegal
#225 0 00000000     0000 c 0300       80006600  illegal  +
#225 0 00000000     0000 c 0341       00000000  illegal  +
#225 0 00000000     0000 c 0342       00000002  illegal  +
#225 0 00000000     0000 c 0343       00000000  illegal
#226 0 00000000     0000 c 0300       80006600  illegal  +
#226 0 00000000     0000 c 0341       00000000  illegal  +
#226 0 00000000     0000 c 0342       00000002  illegal  +
#226 0 00000000     0000 c 0343       00000000  illegal
#227 0 00000000     0000 c 0300       80006600  illegal  +
#227 0 00000000     0000 c 0341       00000000  illegal  +
#227 0 00000000     0000 c 0342       00000002  illegal  +
#227 0 00000000     0000 c 0343       00000000  illegal
#228 0 00000000     0000 c 0300       80006600  illegal  +
#228 0 00000000     0000 c 0341       00000000  illegal  +
#228 0 00000000     0000 c 0342       00000002  illegal  +
#228 0 00000000     0000 c 0343       00000000  illegal
#229 0 00000000     0000 c 0300       80006600  illegal  +
#229 0 00000000     0000 c 0341       00000000  illegal  +
#229 0 00000000     0000 c 0342       00000002  illegal  +
#229 0 00000000     0000 c 0343       00000000  illegal
#230 0 00000000     0000 c 0300       80006600  illegal  +
#230 0 00000000     0000 c 0341       00000000  illegal  +
#230 0 00000000     0000 c 0342       00000002  illegal  +
#230 0 00000000     0000 c 0343       00000000  illegal
#231 0 00000000     0000 c 0300       80006600  illegal  +
#231 0 00000000     0000 c 0341       00000000  illegal  +
#231 0 00000000     0000 c 0342       00000002  illegal  +
#231 0 00000000     0000 c 0343       00000000  illegal
#232 0 00000000     0000 c 0300       80006600  illegal  +
#232 0 00000000     0000 c 0341       00000000  illegal  +
#232 0 00000000     0000 c 0342       00000002  illegal  +
#232 0 00000000     0000 c 0343       00000000  illegal
#233 0 00000000     0000 c 0300       80006600  illegal  +
#233 0 00000000     0000 c 0341       00000000  illegal  +
#233 0 00000000     0000 c 0342       00000002  illegal  +
#233 0 00000000     0000 c 0343       00000000  illegal
#234 0 00000000     0000 c 0300       80006600  illegal  +
#234 0 00000000     0000 c 0341       00000000  illegal  +
#234 0 00000000     0000 c 0342       00000002  illegal  +
#234 0 00000000     0000 c 0343       00000000  illegal
#235 0 00000000     0000 c 0300       80006600  illegal  +
#235 0 00000000     0000 c 0341       00000000  illegal  +
#235 0 00000000     0000 c 0342       00000002  illegal  +
#235 0 00000000     0000 c 0343       00000000  illegal
#236 0 00000000     0000 c 0300       80006600  illegal  +
#236 0 00000000     0000 c 0341       00000000  illegal  +
#236 0 00000000     0000 c 0342       00000002  illegal  +
#236 0 00000000     0000 c 0343       00000000  illegal
#237 0 00000000     0000 c 0300       80006600  illegal  +
#237 0 00000000     0000 c 0341       00000000  illegal  +
#237 0 00000000     0000 c 0342       00000002  illegal  +
#237 0 00000000     0000 c 0343       00000000  illegal
#238 0 00000000     0000 c 0300       80006600  illegal  +
#238 0 00000000     0000 c 0341       00000000  illegal  +
#238 0 00000000     0000 c 0342       00000002  illegal  +
#238 0 00000000     0000 c 0343       00000000  illegal
#239 0 00000000     0000 c 0300       80006600  illegal  +
#239 0 00000000     0000 c 0341       00000000  illegal  +
#239 0 00000000     0000 c 0342       00000002  illegal  +
#239 0 00000000     0000 c 0343       00000000  illegal
#240 0 00000000     0000 c 0300       80006600  illegal  +
#240 0 00000000     0000 c 0341       00000000  illegal  +
#240 0 00000000     0000 c 0342       00000002  illegal  +
#240 0 00000000     0000 c 0343       00000000  illegal
#241 0 00000000     0000 c 0300       80006600  illegal  +
#241 0 00000000     0000 c 0341       00000000  illegal  +
#241 0 00000000     0000 c 0342       00000002  illegal  +
#241 0 00000000     0000 c 0343       00000000  illegal
#242 0 00000000     0000 c 0300       80006600  illegal  +
#242 0 00000000     0000 c 0341       00000000  illegal  +
#242 0 00000000     0000 c 0342       00000002  illegal  +
#242 0 00000000     0000 c 0343       00000000  illegal
#243 0 00000000     0000 c 0300       80006600  illegal  +
#243 0 00000000     0000 c 0341       00000000  illegal  +
#243 0 00000000     0000 c 0342       00000002  illegal  +
#243 0 00000000     0000 c 0343       00000000  illegal
#244 0 00000000     0000 c 0300       80006600  illegal  +
#244 0 00000000     0000 c 0341       00000000  illegal  +
#244 0 00000000     0000 c 0342       00000002  illegal  +
#244 0 00000000     0000 c 0343       00000000  illegal
#245 0 00000000     0000 c 0300       80006600  illegal  +
#245 0 00000000     0000 c 0341       00000000  illegal  +
#245 0 00000000     0000 c 0342       00000002  illegal  +
#245 0 00000000     0000 c 0343       00000000  illegal
#246 0 00000000     0000 c 0300       80006600  illegal  +
#246 0 00000000     0000 c 0341       00000000  illegal  +
#246 0 00000000     0000 c 0342       00000002  illegal  +
#246 0 00000000     0000 c 0343       00000000  illegal
#247 0 00000000     0000 c 0300       80006600  illegal  +
#247 0 00000000     0000 c 0341       00000000  illegal  +
#247 0 00000000     0000 c 0342       00000002  illegal  +
#247 0 00000000     0000 c 0343       00000000  illegal
#248 0 00000000     0000 c 0300       80006600  illegal  +
#248 0 00000000     0000 c 0341       00000000  illegal  +
#248 0 00000000     0000 c 0342       00000002  illegal  +
#248 0 00000000     0000 c 0343       00000000  illegal
#249 0 00000000     0000 c 0300       80006600  illegal  +
#249 0 00000000     0000 c 0341       00000000  illegal  +
#249 0 00000000     0000 c 0342       00000002  illegal  +
#249 0 00000000     0000 c 0343       00000000  illegal
#250 0 00000000     0000 c 0300       80006600  illegal  +
#250 0 00000000     0000 c 0341       00000000  illegal  +
#250 0 00000000     0000 c 0342       00000002  illegal  +
#250 0 00000000     0000 c 0343       00000000  illegal
#251 0 00000000     0000 c 0300       80006600  illegal  +
#251 0 00000000     0000 c 0341       00000000  illegal  +
#251 0 00000000     0000 c 0342       00000002  illegal  +
#251 0 00000000     0000 c 0343       00000000  illegal
#252 0 00000000     0000 c 0300       80006600  illegal  +
#252 0 00000000     0000 c 0341       00000000  illegal  +
#252 0 00000000     0000 c 0342       00000002  illegal  +
#252 0 00000000     0000 c 0343       00000000  illegal
#253 0 00000000     0000 c 0300       80006600  illegal  +
#253 0 00000000     0000 c 0341       00000000  illegal  +
#253 0 00000000     0000 c 0342       00000002  illegal  +
#253 0 00000000     0000 c 0343       00000000  illegal
#254 0 00000000     0000 c 0300       80006600  illegal  +
#254 0 00000000     0000 c 0341       00000000  illegal  +
#254 0 00000000     0000 c 0342       00000002  illegal  +
#254 0 00000000     0000 c 0343       00000000  illegal
#255 0 00000000     0000 c 0300       80006600  illegal  +
#255 0 00000000     0000 c 0341       00000000  illegal  +
#255 0 00000000     0000 c 0342       00000002  illegal  +
#255 0 00000000     0000 c 0343       00000000  illegal
#256 0 00000000     0000 c 0300       80006600  illegal  +
#256 0 00000000     0000 c 0341       00000000  illegal  +
#256 0 00000000     0000 c 0342       00000002  illegal  +
#256 0 00000000     0000 c 0343       00000000  illegal
#257 0 00000000     0000 c 0300       80006600  illegal  +
#257 0 00000000     0000 c 0341       00000000  illegal  +
#257 0 00000000     0000 c 0342       00000002  illegal  +
#257 0 00000000     0000 c 0343       00000000  illegal
#258 0 00000000     0000 c 0300       80006600  illegal  +
#258 0 00000000     0000 c 0341       00000000  illegal  +
#258 0 00000000     0000 c 0342       00000002  illegal  +
#258 0 00000000     0000 c 0343       00000000  illegal
#259 0 00000000     0000 c 0300       80006600  illegal  +
#259 0 00000000     0000 c 0341       00000000  illegal  +
#259 0 00000000     0000 c 0342       00000002  illegal  +
#259 0 00000000     0000 c 0343       00000000  illegal
#260 0 00000000     0000 c 0300       80006600  illegal  +
#260 0 00000000     0000 c 0341       00000000  illegal  +
#260 0 00000000     0000 c 0342       00000002  illegal  +
#260 0 00000000     0000 c 0343       00000000  illegal
#261 0 00000000     0000 c 0300       80006600  illegal  +
#261 0 00000000     0000 c 0341       00000000  illegal  +
#261 0 00000000     0000 c 0342       00000002  illegal  +
#261 0 00000000     0000 c 0343       00000000  illegal
#262 0 00000000     0000 c 0300       80006600  illegal  +
#262 0 00000000     0000 c 0341       00000000  illegal  +
#262 0 00000000     0000 c 0342       00000002  illegal  +
#262 0 00000000     0000 c 0343       00000000  illegal
#263 0 00000000     0000 c 0300       80006600  illegal  +
#263 0 00000000     0000 c 0341       00000000  illegal  +
#263 0 00000000     0000 c 0342       00000002  illegal  +
#263 0 00000000     0000 c 0343       00000000  illegal
#264 0 00000000     0000 c 0300       80006600  illegal  +
#264 0 00000000     0000 c 0341       00000000  illegal  +
#264 0 00000000     0000 c 0342       00000002  illegal  +
#264 0 00000000     0000 c 0343       00000000  illegal
#265 0 00000000     0000 c 0300       80006600  illegal  +
#265 0 00000000     0000 c 0341       00000000  illegal  +
#265 0 00000000     0000 c 0342       00000002  illegal  +
#265 0 00000000     0000 c 0343       00000000  illegal
#266 0 00000000     0000 c 0300       80006600  illegal  +
#266 0 00000000     0000 c 0341       00000000  illegal  +
#266 0 00000000     0000 c 0342       00000002  illegal  +
#266 0 00000000     0000 c 0343       00000000  illegal
#267 0 00000000     0000 c 0300       80006600  illegal  +
#267 0 00000000     0000 c 0341       00000000  illegal  +
#267 0 00000000     0000 c 0342       00000002  illegal  +
#267 0 00000000     0000 c 0343       00000000  illegal
#268 0 00000000     0000 c 0300       80006600  illegal  +
#268 0 00000000     0000 c 0341       00000000  illegal  +
#268 0 00000000     0000 c 0342       00000002  illegal  +
#268 0 00000000     0000 c 0343       00000000  illegal
#269 0 00000000     0000 c 0300       80006600  illegal  +
#269 0 00000000     0000 c 0341       00000000  illegal  +
#269 0 00000000     0000 c 0342       00000002  illegal  +
#269 0 00000000     0000 c 0343       00000000  illegal
#270 0 00000000     0000 c 0300       80006600  illegal  +
#270 0 00000000     0000 c 0341       00000000  illegal  +
#270 0 00000000     0000 c 0342       00000002  illegal  +
#270 0 00000000     0000 c 0343       00000000  illegal
#271 0 00000000     0000 c 0300       80006600  illegal  +
#271 0 00000000     0000 c 0341       00000000  illegal  +
#271 0 00000000     0000 c 0342       00000002  illegal  +
#271 0 00000000     0000 c 0343       00000000  illegal
#272 0 00000000     0000 c 0300       80006600  illegal  +
#272 0 00000000     0000 c 0341       00000000  illegal  +
#272 0 00000000     0000 c 0342       00000002  illegal  +
#272 0 00000000     0000 c 0343       00000000  illegal
#273 0 00000000     0000 c 0300       80006600  illegal  +
#273 0 00000000     0000 c 0341       00000000  illegal  +
#273 0 00000000     0000 c 0342       00000002  illegal  +
#273 0 00000000     0000 c 0343       00000000  illegal
#274 0 00000000     0000 c 0300       80006600  illegal  +
#274 0 00000000     0000 c 0341       00000000  illegal  +
#274 0 00000000     0000 c 0342       00000002  illegal  +
#274 0 00000000     0000 c 0343       00000000  illegal
#275 0 00000000     0000 c 0300       80006600  illegal  +
#275 0 00000000     0000 c 0341       00000000  illegal  +
#275 0 00000000     0000 c 0342       00000002  illegal  +
#275 0 00000000     0000 c 0343       00000000  illegal
#276 0 00000000     0000 r 00         00000000  illegal
